<?xml version="1.0" encoding="UTF-8"?>
<!-- Generated by org.testng.reporters.JUnitReportReporter -->
<testsuite hostname="LAPTOP-IFMN9K5J" failures="0" tests="1" name="jenkinsDemo.NewTest" time="0.019" errors="0" timestamp="16 Nov 2019 12:35:05 GMT" skipped="0">
  <testcase classname="jenkinsDemo.NewTest" name="launchBrowser" time="0.019"/>
</testsuite> <!-- jenkinsDemo.NewTest -->
