<?xml version="1.0" encoding="UTF-8"?>
<!-- Generated by org.testng.reporters.JUnitReportReporter -->
<testsuite hostname="LAPTOP-IFMN9K5J" failures="0" tests="1" name="jenkinsDemo.NewTest" time="10.721" errors="0" timestamp="23 Nov 2019 09:00:16 GMT" skipped="0">
  <testcase classname="jenkinsDemo.NewTest" name="launchBrowser" time="10.721"/>
</testsuite> <!-- jenkinsDemo.NewTest -->
